  Source.cpp
c:\users\mahmoud\documents\visual studio 2015\projects\consoleapplication1\consoleapplication1\source.cpp(9): warning C4305: 'initializing': truncation from 'double' to 'GLfloat'
c:\users\mahmoud\documents\visual studio 2015\projects\consoleapplication1\consoleapplication1\source.cpp(29): warning C4305: '-=': truncation from 'double' to 'GLfloat'
c:\users\mahmoud\documents\visual studio 2015\projects\consoleapplication1\consoleapplication1\source.cpp(61): warning C4305: 'argument': truncation from 'double' to 'GLfloat'
c:\users\mahmoud\documents\visual studio 2015\projects\consoleapplication1\consoleapplication1\source.cpp(71): warning C4305: 'argument': truncation from 'double' to 'GLfloat'
c:\users\mahmoud\documents\visual studio 2015\projects\consoleapplication1\consoleapplication1\source.cpp(78): warning C4305: 'argument': truncation from 'double' to 'GLfloat'
c:\users\mahmoud\documents\visual studio 2015\projects\consoleapplication1\consoleapplication1\source.cpp(158): warning C4305: 'argument': truncation from 'double' to 'GLfloat'
c:\users\mahmoud\documents\visual studio 2015\projects\consoleapplication1\consoleapplication1\source.cpp(160): warning C4305: 'argument': truncation from 'double' to 'GLfloat'
c:\users\mahmoud\documents\visual studio 2015\projects\consoleapplication1\consoleapplication1\source.cpp(161): warning C4305: 'argument': truncation from 'double' to 'GLfloat'
c:\users\mahmoud\documents\visual studio 2015\projects\consoleapplication1\consoleapplication1\source.cpp(162): warning C4305: 'argument': truncation from 'double' to 'GLfloat'
c:\users\mahmoud\documents\visual studio 2015\projects\consoleapplication1\consoleapplication1\source.cpp(163): warning C4305: 'argument': truncation from 'double' to 'GLfloat'
c:\users\mahmoud\documents\visual studio 2015\projects\consoleapplication1\consoleapplication1\source.cpp(166): warning C4305: 'argument': truncation from 'double' to 'GLfloat'
c:\users\mahmoud\documents\visual studio 2015\projects\consoleapplication1\consoleapplication1\source.cpp(168): warning C4305: 'argument': truncation from 'double' to 'GLfloat'
c:\users\mahmoud\documents\visual studio 2015\projects\consoleapplication1\consoleapplication1\source.cpp(169): warning C4305: 'argument': truncation from 'double' to 'GLfloat'
c:\users\mahmoud\documents\visual studio 2015\projects\consoleapplication1\consoleapplication1\source.cpp(170): warning C4305: 'argument': truncation from 'double' to 'GLfloat'
c:\users\mahmoud\documents\visual studio 2015\projects\consoleapplication1\consoleapplication1\source.cpp(171): warning C4305: 'argument': truncation from 'double' to 'GLfloat'
c:\users\mahmoud\documents\visual studio 2015\projects\consoleapplication1\consoleapplication1\source.cpp(177): warning C4305: 'argument': truncation from 'double' to 'GLfloat'
c:\users\mahmoud\documents\visual studio 2015\projects\consoleapplication1\consoleapplication1\source.cpp(178): warning C4305: 'argument': truncation from 'double' to 'GLfloat'
c:\users\mahmoud\documents\visual studio 2015\projects\consoleapplication1\consoleapplication1\source.cpp(179): warning C4305: 'argument': truncation from 'double' to 'GLfloat'
c:\users\mahmoud\documents\visual studio 2015\projects\consoleapplication1\consoleapplication1\source.cpp(180): warning C4305: 'argument': truncation from 'double' to 'GLfloat'
c:\users\mahmoud\documents\visual studio 2015\projects\consoleapplication1\consoleapplication1\source.cpp(185): warning C4305: 'argument': truncation from 'double' to 'GLfloat'
c:\users\mahmoud\documents\visual studio 2015\projects\consoleapplication1\consoleapplication1\source.cpp(186): warning C4305: 'argument': truncation from 'double' to 'GLfloat'
c:\users\mahmoud\documents\visual studio 2015\projects\consoleapplication1\consoleapplication1\source.cpp(187): warning C4305: 'argument': truncation from 'double' to 'GLfloat'
c:\users\mahmoud\documents\visual studio 2015\projects\consoleapplication1\consoleapplication1\source.cpp(188): warning C4305: 'argument': truncation from 'double' to 'GLfloat'
c:\users\mahmoud\documents\visual studio 2015\projects\consoleapplication1\consoleapplication1\source.cpp(191): warning C4305: 'argument': truncation from 'double' to 'GLfloat'
c:\users\mahmoud\documents\visual studio 2015\projects\consoleapplication1\consoleapplication1\source.cpp(192): warning C4305: 'argument': truncation from 'double' to 'GLfloat'
c:\users\mahmoud\documents\visual studio 2015\projects\consoleapplication1\consoleapplication1\source.cpp(193): warning C4305: 'argument': truncation from 'double' to 'GLfloat'
c:\users\mahmoud\documents\visual studio 2015\projects\consoleapplication1\consoleapplication1\source.cpp(194): warning C4305: 'argument': truncation from 'double' to 'GLfloat'
c:\users\mahmoud\documents\visual studio 2015\projects\consoleapplication1\consoleapplication1\source.cpp(197): warning C4305: 'argument': truncation from 'double' to 'GLfloat'
c:\users\mahmoud\documents\visual studio 2015\projects\consoleapplication1\consoleapplication1\source.cpp(198): warning C4305: 'argument': truncation from 'double' to 'GLfloat'
c:\users\mahmoud\documents\visual studio 2015\projects\consoleapplication1\consoleapplication1\source.cpp(199): warning C4305: 'argument': truncation from 'double' to 'GLfloat'
c:\users\mahmoud\documents\visual studio 2015\projects\consoleapplication1\consoleapplication1\source.cpp(200): warning C4305: 'argument': truncation from 'double' to 'GLfloat'
c:\users\mahmoud\documents\visual studio 2015\projects\consoleapplication1\consoleapplication1\source.cpp(205): warning C4305: 'argument': truncation from 'double' to 'GLfloat'
c:\users\mahmoud\documents\visual studio 2015\projects\consoleapplication1\consoleapplication1\source.cpp(219): warning C4305: 'argument': truncation from 'double' to 'GLfloat'
c:\users\mahmoud\documents\visual studio 2015\projects\consoleapplication1\consoleapplication1\source.cpp(220): warning C4305: 'argument': truncation from 'double' to 'GLfloat'
c:\users\mahmoud\documents\visual studio 2015\projects\consoleapplication1\consoleapplication1\source.cpp(221): warning C4305: 'argument': truncation from 'double' to 'GLfloat'
c:\users\mahmoud\documents\visual studio 2015\projects\consoleapplication1\consoleapplication1\source.cpp(222): warning C4305: 'argument': truncation from 'double' to 'GLfloat'
c:\users\mahmoud\documents\visual studio 2015\projects\consoleapplication1\consoleapplication1\source.cpp(223): warning C4305: 'argument': truncation from 'double' to 'GLfloat'
c:\users\mahmoud\documents\visual studio 2015\projects\consoleapplication1\consoleapplication1\source.cpp(224): warning C4305: 'argument': truncation from 'double' to 'GLfloat'
c:\users\mahmoud\documents\visual studio 2015\projects\consoleapplication1\consoleapplication1\source.cpp(225): warning C4305: 'argument': truncation from 'double' to 'GLfloat'
c:\users\mahmoud\documents\visual studio 2015\projects\consoleapplication1\consoleapplication1\source.cpp(226): warning C4305: 'argument': truncation from 'double' to 'GLfloat'
c:\users\mahmoud\documents\visual studio 2015\projects\consoleapplication1\consoleapplication1\source.cpp(227): warning C4305: 'argument': truncation from 'double' to 'GLfloat'
c:\users\mahmoud\documents\visual studio 2015\projects\consoleapplication1\consoleapplication1\source.cpp(228): warning C4305: 'argument': truncation from 'double' to 'GLfloat'
c:\users\mahmoud\documents\visual studio 2015\projects\consoleapplication1\consoleapplication1\source.cpp(229): warning C4305: 'argument': truncation from 'double' to 'GLfloat'
c:\users\mahmoud\documents\visual studio 2015\projects\consoleapplication1\consoleapplication1\source.cpp(230): warning C4305: 'argument': truncation from 'double' to 'GLfloat'
c:\users\mahmoud\documents\visual studio 2015\projects\consoleapplication1\consoleapplication1\source.cpp(231): warning C4305: 'argument': truncation from 'double' to 'GLfloat'
c:\users\mahmoud\documents\visual studio 2015\projects\consoleapplication1\consoleapplication1\source.cpp(232): warning C4305: 'argument': truncation from 'double' to 'GLfloat'
c:\users\mahmoud\documents\visual studio 2015\projects\consoleapplication1\consoleapplication1\source.cpp(233): warning C4305: 'argument': truncation from 'double' to 'GLfloat'
c:\users\mahmoud\documents\visual studio 2015\projects\consoleapplication1\consoleapplication1\source.cpp(234): warning C4305: 'argument': truncation from 'double' to 'GLfloat'
c:\users\mahmoud\documents\visual studio 2015\projects\consoleapplication1\consoleapplication1\source.cpp(235): warning C4305: 'argument': truncation from 'double' to 'GLfloat'
c:\users\mahmoud\documents\visual studio 2015\projects\consoleapplication1\consoleapplication1\source.cpp(236): warning C4305: 'argument': truncation from 'double' to 'GLfloat'
c:\users\mahmoud\documents\visual studio 2015\projects\consoleapplication1\consoleapplication1\source.cpp(237): warning C4305: 'argument': truncation from 'double' to 'GLfloat'
c:\users\mahmoud\documents\visual studio 2015\projects\consoleapplication1\consoleapplication1\source.cpp(240): warning C4305: 'argument': truncation from 'double' to 'GLfloat'
c:\users\mahmoud\documents\visual studio 2015\projects\consoleapplication1\consoleapplication1\source.cpp(241): warning C4305: 'argument': truncation from 'double' to 'GLfloat'
c:\users\mahmoud\documents\visual studio 2015\projects\consoleapplication1\consoleapplication1\source.cpp(242): warning C4305: 'argument': truncation from 'double' to 'GLfloat'
c:\users\mahmoud\documents\visual studio 2015\projects\consoleapplication1\consoleapplication1\source.cpp(243): warning C4305: 'argument': truncation from 'double' to 'GLfloat'
c:\users\mahmoud\documents\visual studio 2015\projects\consoleapplication1\consoleapplication1\source.cpp(245): warning C4305: 'argument': truncation from 'double' to 'GLfloat'
c:\users\mahmoud\documents\visual studio 2015\projects\consoleapplication1\consoleapplication1\source.cpp(246): warning C4305: 'argument': truncation from 'double' to 'GLfloat'
c:\users\mahmoud\documents\visual studio 2015\projects\consoleapplication1\consoleapplication1\source.cpp(247): warning C4305: 'argument': truncation from 'double' to 'GLfloat'
c:\users\mahmoud\documents\visual studio 2015\projects\consoleapplication1\consoleapplication1\source.cpp(248): warning C4305: 'argument': truncation from 'double' to 'GLfloat'
c:\users\mahmoud\documents\visual studio 2015\projects\consoleapplication1\consoleapplication1\source.cpp(250): warning C4305: 'argument': truncation from 'double' to 'GLfloat'
c:\users\mahmoud\documents\visual studio 2015\projects\consoleapplication1\consoleapplication1\source.cpp(251): warning C4305: 'argument': truncation from 'double' to 'GLfloat'
c:\users\mahmoud\documents\visual studio 2015\projects\consoleapplication1\consoleapplication1\source.cpp(252): warning C4305: 'argument': truncation from 'double' to 'GLfloat'
c:\users\mahmoud\documents\visual studio 2015\projects\consoleapplication1\consoleapplication1\source.cpp(253): warning C4305: 'argument': truncation from 'double' to 'GLfloat'
c:\users\mahmoud\documents\visual studio 2015\projects\consoleapplication1\consoleapplication1\source.cpp(254): warning C4305: 'argument': truncation from 'double' to 'GLfloat'
c:\users\mahmoud\documents\visual studio 2015\projects\consoleapplication1\consoleapplication1\source.cpp(255): warning C4305: 'argument': truncation from 'double' to 'GLfloat'
c:\users\mahmoud\documents\visual studio 2015\projects\consoleapplication1\consoleapplication1\source.cpp(256): warning C4305: 'argument': truncation from 'double' to 'GLfloat'
c:\users\mahmoud\documents\visual studio 2015\projects\consoleapplication1\consoleapplication1\source.cpp(266): warning C4305: 'argument': truncation from 'double' to 'GLfloat'
c:\users\mahmoud\documents\visual studio 2015\projects\consoleapplication1\consoleapplication1\source.cpp(267): warning C4305: 'argument': truncation from 'double' to 'GLfloat'
c:\users\mahmoud\documents\visual studio 2015\projects\consoleapplication1\consoleapplication1\source.cpp(268): warning C4305: 'argument': truncation from 'double' to 'GLfloat'
c:\users\mahmoud\documents\visual studio 2015\projects\consoleapplication1\consoleapplication1\source.cpp(269): warning C4305: 'argument': truncation from 'double' to 'GLfloat'
c:\users\mahmoud\documents\visual studio 2015\projects\consoleapplication1\consoleapplication1\source.cpp(270): warning C4305: 'argument': truncation from 'double' to 'GLfloat'
c:\users\mahmoud\documents\visual studio 2015\projects\consoleapplication1\consoleapplication1\source.cpp(271): warning C4305: 'argument': truncation from 'double' to 'GLfloat'
c:\users\mahmoud\documents\visual studio 2015\projects\consoleapplication1\consoleapplication1\source.cpp(272): warning C4305: 'argument': truncation from 'double' to 'GLfloat'
c:\users\mahmoud\documents\visual studio 2015\projects\consoleapplication1\consoleapplication1\source.cpp(273): warning C4305: 'argument': truncation from 'double' to 'GLfloat'
c:\users\mahmoud\documents\visual studio 2015\projects\consoleapplication1\consoleapplication1\source.cpp(274): warning C4305: 'argument': truncation from 'double' to 'GLfloat'
c:\users\mahmoud\documents\visual studio 2015\projects\consoleapplication1\consoleapplication1\source.cpp(275): warning C4305: 'argument': truncation from 'double' to 'GLfloat'
c:\users\mahmoud\documents\visual studio 2015\projects\consoleapplication1\consoleapplication1\source.cpp(276): warning C4305: 'argument': truncation from 'double' to 'GLfloat'
c:\users\mahmoud\documents\visual studio 2015\projects\consoleapplication1\consoleapplication1\source.cpp(277): warning C4305: 'argument': truncation from 'double' to 'GLfloat'
c:\users\mahmoud\documents\visual studio 2015\projects\consoleapplication1\consoleapplication1\source.cpp(278): warning C4305: 'argument': truncation from 'double' to 'GLfloat'
c:\users\mahmoud\documents\visual studio 2015\projects\consoleapplication1\consoleapplication1\source.cpp(279): warning C4305: 'argument': truncation from 'double' to 'GLfloat'
c:\users\mahmoud\documents\visual studio 2015\projects\consoleapplication1\consoleapplication1\source.cpp(280): warning C4305: 'argument': truncation from 'double' to 'GLfloat'
c:\users\mahmoud\documents\visual studio 2015\projects\consoleapplication1\consoleapplication1\source.cpp(281): warning C4305: 'argument': truncation from 'double' to 'GLfloat'
c:\users\mahmoud\documents\visual studio 2015\projects\consoleapplication1\consoleapplication1\source.cpp(282): warning C4305: 'argument': truncation from 'double' to 'GLfloat'
c:\users\mahmoud\documents\visual studio 2015\projects\consoleapplication1\consoleapplication1\source.cpp(283): warning C4305: 'argument': truncation from 'double' to 'GLfloat'
c:\users\mahmoud\documents\visual studio 2015\projects\consoleapplication1\consoleapplication1\source.cpp(284): warning C4305: 'argument': truncation from 'double' to 'GLfloat'
c:\users\mahmoud\documents\visual studio 2015\projects\consoleapplication1\consoleapplication1\source.cpp(287): warning C4305: 'argument': truncation from 'double' to 'GLfloat'
c:\users\mahmoud\documents\visual studio 2015\projects\consoleapplication1\consoleapplication1\source.cpp(288): warning C4305: 'argument': truncation from 'double' to 'GLfloat'
c:\users\mahmoud\documents\visual studio 2015\projects\consoleapplication1\consoleapplication1\source.cpp(289): warning C4305: 'argument': truncation from 'double' to 'GLfloat'
c:\users\mahmoud\documents\visual studio 2015\projects\consoleapplication1\consoleapplication1\source.cpp(290): warning C4305: 'argument': truncation from 'double' to 'GLfloat'
c:\users\mahmoud\documents\visual studio 2015\projects\consoleapplication1\consoleapplication1\source.cpp(292): warning C4305: 'argument': truncation from 'double' to 'GLfloat'
c:\users\mahmoud\documents\visual studio 2015\projects\consoleapplication1\consoleapplication1\source.cpp(293): warning C4305: 'argument': truncation from 'double' to 'GLfloat'
c:\users\mahmoud\documents\visual studio 2015\projects\consoleapplication1\consoleapplication1\source.cpp(294): warning C4305: 'argument': truncation from 'double' to 'GLfloat'
c:\users\mahmoud\documents\visual studio 2015\projects\consoleapplication1\consoleapplication1\source.cpp(295): warning C4305: 'argument': truncation from 'double' to 'GLfloat'
c:\users\mahmoud\documents\visual studio 2015\projects\consoleapplication1\consoleapplication1\source.cpp(297): warning C4305: 'argument': truncation from 'double' to 'GLfloat'
c:\users\mahmoud\documents\visual studio 2015\projects\consoleapplication1\consoleapplication1\source.cpp(298): warning C4305: 'argument': truncation from 'double' to 'GLfloat'
c:\users\mahmoud\documents\visual studio 2015\projects\consoleapplication1\consoleapplication1\source.cpp(299): warning C4305: 'argument': truncation from 'double' to 'GLfloat'
c:\users\mahmoud\documents\visual studio 2015\projects\consoleapplication1\consoleapplication1\source.cpp(300): warning C4305: 'argument': truncation from 'double' to 'GLfloat'
c:\users\mahmoud\documents\visual studio 2015\projects\consoleapplication1\consoleapplication1\source.cpp(301): warning C4305: 'argument': truncation from 'double' to 'GLfloat'
c:\users\mahmoud\documents\visual studio 2015\projects\consoleapplication1\consoleapplication1\source.cpp(302): warning C4305: 'argument': truncation from 'double' to 'GLfloat'
c:\users\mahmoud\documents\visual studio 2015\projects\consoleapplication1\consoleapplication1\source.cpp(303): warning C4305: 'argument': truncation from 'double' to 'GLfloat'
c:\users\mahmoud\documents\visual studio 2015\projects\consoleapplication1\consoleapplication1\source.cpp(353): warning C4305: 'argument': truncation from 'double' to 'GLfloat'
c:\users\mahmoud\documents\visual studio 2015\projects\consoleapplication1\consoleapplication1\source.cpp(354): warning C4305: 'argument': truncation from 'double' to 'GLfloat'
c:\users\mahmoud\documents\visual studio 2015\projects\consoleapplication1\consoleapplication1\source.cpp(355): warning C4305: 'argument': truncation from 'double' to 'GLfloat'
c:\users\mahmoud\documents\visual studio 2015\projects\consoleapplication1\consoleapplication1\source.cpp(356): warning C4305: 'argument': truncation from 'double' to 'GLfloat'
c:\users\mahmoud\documents\visual studio 2015\projects\consoleapplication1\consoleapplication1\source.cpp(358): warning C4305: 'argument': truncation from 'double' to 'GLfloat'
c:\users\mahmoud\documents\visual studio 2015\projects\consoleapplication1\consoleapplication1\source.cpp(359): warning C4305: 'argument': truncation from 'double' to 'GLfloat'
c:\users\mahmoud\documents\visual studio 2015\projects\consoleapplication1\consoleapplication1\source.cpp(360): warning C4305: 'argument': truncation from 'double' to 'GLfloat'
c:\users\mahmoud\documents\visual studio 2015\projects\consoleapplication1\consoleapplication1\source.cpp(361): warning C4305: 'argument': truncation from 'double' to 'GLfloat'
c:\users\mahmoud\documents\visual studio 2015\projects\consoleapplication1\consoleapplication1\source.cpp(362): warning C4305: 'argument': truncation from 'double' to 'GLfloat'
c:\users\mahmoud\documents\visual studio 2015\projects\consoleapplication1\consoleapplication1\source.cpp(363): warning C4305: 'argument': truncation from 'double' to 'GLfloat'
c:\users\mahmoud\documents\visual studio 2015\projects\consoleapplication1\consoleapplication1\source.cpp(364): warning C4305: 'argument': truncation from 'double' to 'GLfloat'
c:\users\mahmoud\documents\visual studio 2015\projects\consoleapplication1\consoleapplication1\source.cpp(365): warning C4305: 'argument': truncation from 'double' to 'GLfloat'
c:\users\mahmoud\documents\visual studio 2015\projects\consoleapplication1\consoleapplication1\source.cpp(366): warning C4305: 'argument': truncation from 'double' to 'GLfloat'
c:\users\mahmoud\documents\visual studio 2015\projects\consoleapplication1\consoleapplication1\source.cpp(367): warning C4305: 'argument': truncation from 'double' to 'GLfloat'
c:\users\mahmoud\documents\visual studio 2015\projects\consoleapplication1\consoleapplication1\source.cpp(368): warning C4305: 'argument': truncation from 'double' to 'GLfloat'
c:\users\mahmoud\documents\visual studio 2015\projects\consoleapplication1\consoleapplication1\source.cpp(369): warning C4305: 'argument': truncation from 'double' to 'GLfloat'
c:\users\mahmoud\documents\visual studio 2015\projects\consoleapplication1\consoleapplication1\source.cpp(370): warning C4305: 'argument': truncation from 'double' to 'GLfloat'
c:\users\mahmoud\documents\visual studio 2015\projects\consoleapplication1\consoleapplication1\source.cpp(371): warning C4305: 'argument': truncation from 'double' to 'GLfloat'
c:\users\mahmoud\documents\visual studio 2015\projects\consoleapplication1\consoleapplication1\source.cpp(372): warning C4305: 'argument': truncation from 'double' to 'GLfloat'
c:\users\mahmoud\documents\visual studio 2015\projects\consoleapplication1\consoleapplication1\source.cpp(423): warning C4305: 'argument': truncation from 'double' to 'GLfloat'
c:\users\mahmoud\documents\visual studio 2015\projects\consoleapplication1\consoleapplication1\source.cpp(424): warning C4305: 'argument': truncation from 'double' to 'GLfloat'
c:\users\mahmoud\documents\visual studio 2015\projects\consoleapplication1\consoleapplication1\source.cpp(425): warning C4305: 'argument': truncation from 'double' to 'GLfloat'
c:\users\mahmoud\documents\visual studio 2015\projects\consoleapplication1\consoleapplication1\source.cpp(426): warning C4305: 'argument': truncation from 'double' to 'GLfloat'
c:\users\mahmoud\documents\visual studio 2015\projects\consoleapplication1\consoleapplication1\source.cpp(428): warning C4305: 'argument': truncation from 'double' to 'GLfloat'
c:\users\mahmoud\documents\visual studio 2015\projects\consoleapplication1\consoleapplication1\source.cpp(429): warning C4305: 'argument': truncation from 'double' to 'GLfloat'
c:\users\mahmoud\documents\visual studio 2015\projects\consoleapplication1\consoleapplication1\source.cpp(430): warning C4305: 'argument': truncation from 'double' to 'GLfloat'
c:\users\mahmoud\documents\visual studio 2015\projects\consoleapplication1\consoleapplication1\source.cpp(431): warning C4305: 'argument': truncation from 'double' to 'GLfloat'
c:\users\mahmoud\documents\visual studio 2015\projects\consoleapplication1\consoleapplication1\source.cpp(432): warning C4305: 'argument': truncation from 'double' to 'GLfloat'
c:\users\mahmoud\documents\visual studio 2015\projects\consoleapplication1\consoleapplication1\source.cpp(433): warning C4305: 'argument': truncation from 'double' to 'GLfloat'
c:\users\mahmoud\documents\visual studio 2015\projects\consoleapplication1\consoleapplication1\source.cpp(434): warning C4305: 'argument': truncation from 'double' to 'GLfloat'
c:\users\mahmoud\documents\visual studio 2015\projects\consoleapplication1\consoleapplication1\source.cpp(435): warning C4305: 'argument': truncation from 'double' to 'GLfloat'
c:\users\mahmoud\documents\visual studio 2015\projects\consoleapplication1\consoleapplication1\source.cpp(436): warning C4305: 'argument': truncation from 'double' to 'GLfloat'
c:\users\mahmoud\documents\visual studio 2015\projects\consoleapplication1\consoleapplication1\source.cpp(437): warning C4305: 'argument': truncation from 'double' to 'GLfloat'
c:\users\mahmoud\documents\visual studio 2015\projects\consoleapplication1\consoleapplication1\source.cpp(438): warning C4305: 'argument': truncation from 'double' to 'GLfloat'
c:\users\mahmoud\documents\visual studio 2015\projects\consoleapplication1\consoleapplication1\source.cpp(439): warning C4305: 'argument': truncation from 'double' to 'GLfloat'
c:\users\mahmoud\documents\visual studio 2015\projects\consoleapplication1\consoleapplication1\source.cpp(440): warning C4305: 'argument': truncation from 'double' to 'GLfloat'
c:\users\mahmoud\documents\visual studio 2015\projects\consoleapplication1\consoleapplication1\source.cpp(441): warning C4305: 'argument': truncation from 'double' to 'GLfloat'
c:\users\mahmoud\documents\visual studio 2015\projects\consoleapplication1\consoleapplication1\source.cpp(442): warning C4305: 'argument': truncation from 'double' to 'GLfloat'
c:\users\mahmoud\documents\visual studio 2015\projects\consoleapplication1\consoleapplication1\source.cpp(503): warning C4305: 'argument': truncation from 'double' to 'GLfloat'
c:\users\mahmoud\documents\visual studio 2015\projects\consoleapplication1\consoleapplication1\source.cpp(504): warning C4305: 'argument': truncation from 'double' to 'GLfloat'
c:\users\mahmoud\documents\visual studio 2015\projects\consoleapplication1\consoleapplication1\source.cpp(505): warning C4305: 'argument': truncation from 'double' to 'GLfloat'
c:\users\mahmoud\documents\visual studio 2015\projects\consoleapplication1\consoleapplication1\source.cpp(506): warning C4305: 'argument': truncation from 'double' to 'GLfloat'
c:\users\mahmoud\documents\visual studio 2015\projects\consoleapplication1\consoleapplication1\source.cpp(507): warning C4305: 'argument': truncation from 'double' to 'GLfloat'
c:\users\mahmoud\documents\visual studio 2015\projects\consoleapplication1\consoleapplication1\source.cpp(508): warning C4305: 'argument': truncation from 'double' to 'GLfloat'
c:\users\mahmoud\documents\visual studio 2015\projects\consoleapplication1\consoleapplication1\source.cpp(509): warning C4305: 'argument': truncation from 'double' to 'GLfloat'
c:\users\mahmoud\documents\visual studio 2015\projects\consoleapplication1\consoleapplication1\source.cpp(510): warning C4305: 'argument': truncation from 'double' to 'GLfloat'
c:\users\mahmoud\documents\visual studio 2015\projects\consoleapplication1\consoleapplication1\source.cpp(511): warning C4305: 'argument': truncation from 'double' to 'GLfloat'
c:\users\mahmoud\documents\visual studio 2015\projects\consoleapplication1\consoleapplication1\source.cpp(512): warning C4305: 'argument': truncation from 'double' to 'GLfloat'
c:\users\mahmoud\documents\visual studio 2015\projects\consoleapplication1\consoleapplication1\source.cpp(513): warning C4305: 'argument': truncation from 'double' to 'GLfloat'
c:\users\mahmoud\documents\visual studio 2015\projects\consoleapplication1\consoleapplication1\source.cpp(514): warning C4305: 'argument': truncation from 'double' to 'GLfloat'
c:\users\mahmoud\documents\visual studio 2015\projects\consoleapplication1\consoleapplication1\source.cpp(515): warning C4305: 'argument': truncation from 'double' to 'GLfloat'
c:\users\mahmoud\documents\visual studio 2015\projects\consoleapplication1\consoleapplication1\source.cpp(516): warning C4305: 'argument': truncation from 'double' to 'GLfloat'
c:\users\mahmoud\documents\visual studio 2015\projects\consoleapplication1\consoleapplication1\source.cpp(517): warning C4305: 'argument': truncation from 'double' to 'GLfloat'
c:\users\mahmoud\documents\visual studio 2015\projects\consoleapplication1\consoleapplication1\source.cpp(518): warning C4305: 'argument': truncation from 'double' to 'GLfloat'
c:\users\mahmoud\documents\visual studio 2015\projects\consoleapplication1\consoleapplication1\source.cpp(519): warning C4305: 'argument': truncation from 'double' to 'GLfloat'
c:\users\mahmoud\documents\visual studio 2015\projects\consoleapplication1\consoleapplication1\source.cpp(520): warning C4305: 'argument': truncation from 'double' to 'GLfloat'
c:\users\mahmoud\documents\visual studio 2015\projects\consoleapplication1\consoleapplication1\source.cpp(521): warning C4305: 'argument': truncation from 'double' to 'GLfloat'
c:\users\mahmoud\documents\visual studio 2015\projects\consoleapplication1\consoleapplication1\source.cpp(524): warning C4305: 'argument': truncation from 'double' to 'GLfloat'
c:\users\mahmoud\documents\visual studio 2015\projects\consoleapplication1\consoleapplication1\source.cpp(525): warning C4305: 'argument': truncation from 'double' to 'GLfloat'
c:\users\mahmoud\documents\visual studio 2015\projects\consoleapplication1\consoleapplication1\source.cpp(526): warning C4305: 'argument': truncation from 'double' to 'GLfloat'
c:\users\mahmoud\documents\visual studio 2015\projects\consoleapplication1\consoleapplication1\source.cpp(527): warning C4305: 'argument': truncation from 'double' to 'GLfloat'
c:\users\mahmoud\documents\visual studio 2015\projects\consoleapplication1\consoleapplication1\source.cpp(529): warning C4305: 'argument': truncation from 'double' to 'GLfloat'
c:\users\mahmoud\documents\visual studio 2015\projects\consoleapplication1\consoleapplication1\source.cpp(530): warning C4305: 'argument': truncation from 'double' to 'GLfloat'
c:\users\mahmoud\documents\visual studio 2015\projects\consoleapplication1\consoleapplication1\source.cpp(531): warning C4305: 'argument': truncation from 'double' to 'GLfloat'
c:\users\mahmoud\documents\visual studio 2015\projects\consoleapplication1\consoleapplication1\source.cpp(532): warning C4305: 'argument': truncation from 'double' to 'GLfloat'
c:\users\mahmoud\documents\visual studio 2015\projects\consoleapplication1\consoleapplication1\source.cpp(534): warning C4305: 'argument': truncation from 'double' to 'GLfloat'
c:\users\mahmoud\documents\visual studio 2015\projects\consoleapplication1\consoleapplication1\source.cpp(535): warning C4305: 'argument': truncation from 'double' to 'GLfloat'
c:\users\mahmoud\documents\visual studio 2015\projects\consoleapplication1\consoleapplication1\source.cpp(536): warning C4305: 'argument': truncation from 'double' to 'GLfloat'
c:\users\mahmoud\documents\visual studio 2015\projects\consoleapplication1\consoleapplication1\source.cpp(537): warning C4305: 'argument': truncation from 'double' to 'GLfloat'
c:\users\mahmoud\documents\visual studio 2015\projects\consoleapplication1\consoleapplication1\source.cpp(538): warning C4305: 'argument': truncation from 'double' to 'GLfloat'
c:\users\mahmoud\documents\visual studio 2015\projects\consoleapplication1\consoleapplication1\source.cpp(539): warning C4305: 'argument': truncation from 'double' to 'GLfloat'
c:\users\mahmoud\documents\visual studio 2015\projects\consoleapplication1\consoleapplication1\source.cpp(540): warning C4305: 'argument': truncation from 'double' to 'GLfloat'
c:\users\mahmoud\documents\visual studio 2015\projects\consoleapplication1\consoleapplication1\source.cpp(546): warning C4305: 'argument': truncation from 'double' to 'GLfloat'
c:\users\mahmoud\documents\visual studio 2015\projects\consoleapplication1\consoleapplication1\source.cpp(547): warning C4305: 'argument': truncation from 'double' to 'GLfloat'
c:\users\mahmoud\documents\visual studio 2015\projects\consoleapplication1\consoleapplication1\source.cpp(548): warning C4305: 'argument': truncation from 'double' to 'GLfloat'
c:\users\mahmoud\documents\visual studio 2015\projects\consoleapplication1\consoleapplication1\source.cpp(549): warning C4305: 'argument': truncation from 'double' to 'GLfloat'
c:\users\mahmoud\documents\visual studio 2015\projects\consoleapplication1\consoleapplication1\source.cpp(550): warning C4305: 'argument': truncation from 'double' to 'GLfloat'
c:\users\mahmoud\documents\visual studio 2015\projects\consoleapplication1\consoleapplication1\source.cpp(551): warning C4305: 'argument': truncation from 'double' to 'GLfloat'
c:\users\mahmoud\documents\visual studio 2015\projects\consoleapplication1\consoleapplication1\source.cpp(552): warning C4305: 'argument': truncation from 'double' to 'GLfloat'
c:\users\mahmoud\documents\visual studio 2015\projects\consoleapplication1\consoleapplication1\source.cpp(553): warning C4305: 'argument': truncation from 'double' to 'GLfloat'
c:\users\mahmoud\documents\visual studio 2015\projects\consoleapplication1\consoleapplication1\source.cpp(554): warning C4305: 'argument': truncation from 'double' to 'GLfloat'
c:\users\mahmoud\documents\visual studio 2015\projects\consoleapplication1\consoleapplication1\source.cpp(555): warning C4305: 'argument': truncation from 'double' to 'GLfloat'
c:\users\mahmoud\documents\visual studio 2015\projects\consoleapplication1\consoleapplication1\source.cpp(556): warning C4305: 'argument': truncation from 'double' to 'GLfloat'
c:\users\mahmoud\documents\visual studio 2015\projects\consoleapplication1\consoleapplication1\source.cpp(557): warning C4305: 'argument': truncation from 'double' to 'GLfloat'
c:\users\mahmoud\documents\visual studio 2015\projects\consoleapplication1\consoleapplication1\source.cpp(558): warning C4305: 'argument': truncation from 'double' to 'GLfloat'
c:\users\mahmoud\documents\visual studio 2015\projects\consoleapplication1\consoleapplication1\source.cpp(559): warning C4305: 'argument': truncation from 'double' to 'GLfloat'
c:\users\mahmoud\documents\visual studio 2015\projects\consoleapplication1\consoleapplication1\source.cpp(560): warning C4305: 'argument': truncation from 'double' to 'GLfloat'
c:\users\mahmoud\documents\visual studio 2015\projects\consoleapplication1\consoleapplication1\source.cpp(561): warning C4305: 'argument': truncation from 'double' to 'GLfloat'
c:\users\mahmoud\documents\visual studio 2015\projects\consoleapplication1\consoleapplication1\source.cpp(562): warning C4305: 'argument': truncation from 'double' to 'GLfloat'
c:\users\mahmoud\documents\visual studio 2015\projects\consoleapplication1\consoleapplication1\source.cpp(563): warning C4305: 'argument': truncation from 'double' to 'GLfloat'
c:\users\mahmoud\documents\visual studio 2015\projects\consoleapplication1\consoleapplication1\source.cpp(564): warning C4305: 'argument': truncation from 'double' to 'GLfloat'
c:\users\mahmoud\documents\visual studio 2015\projects\consoleapplication1\consoleapplication1\source.cpp(567): warning C4305: 'argument': truncation from 'double' to 'GLfloat'
c:\users\mahmoud\documents\visual studio 2015\projects\consoleapplication1\consoleapplication1\source.cpp(568): warning C4305: 'argument': truncation from 'double' to 'GLfloat'
c:\users\mahmoud\documents\visual studio 2015\projects\consoleapplication1\consoleapplication1\source.cpp(569): warning C4305: 'argument': truncation from 'double' to 'GLfloat'
c:\users\mahmoud\documents\visual studio 2015\projects\consoleapplication1\consoleapplication1\source.cpp(570): warning C4305: 'argument': truncation from 'double' to 'GLfloat'
c:\users\mahmoud\documents\visual studio 2015\projects\consoleapplication1\consoleapplication1\source.cpp(572): warning C4305: 'argument': truncation from 'double' to 'GLfloat'
c:\users\mahmoud\documents\visual studio 2015\projects\consoleapplication1\consoleapplication1\source.cpp(573): warning C4305: 'argument': truncation from 'double' to 'GLfloat'
c:\users\mahmoud\documents\visual studio 2015\projects\consoleapplication1\consoleapplication1\source.cpp(574): warning C4305: 'argument': truncation from 'double' to 'GLfloat'
c:\users\mahmoud\documents\visual studio 2015\projects\consoleapplication1\consoleapplication1\source.cpp(575): warning C4305: 'argument': truncation from 'double' to 'GLfloat'
c:\users\mahmoud\documents\visual studio 2015\projects\consoleapplication1\consoleapplication1\source.cpp(577): warning C4305: 'argument': truncation from 'double' to 'GLfloat'
c:\users\mahmoud\documents\visual studio 2015\projects\consoleapplication1\consoleapplication1\source.cpp(578): warning C4305: 'argument': truncation from 'double' to 'GLfloat'
c:\users\mahmoud\documents\visual studio 2015\projects\consoleapplication1\consoleapplication1\source.cpp(579): warning C4305: 'argument': truncation from 'double' to 'GLfloat'
c:\users\mahmoud\documents\visual studio 2015\projects\consoleapplication1\consoleapplication1\source.cpp(580): warning C4305: 'argument': truncation from 'double' to 'GLfloat'
c:\users\mahmoud\documents\visual studio 2015\projects\consoleapplication1\consoleapplication1\source.cpp(581): warning C4305: 'argument': truncation from 'double' to 'GLfloat'
c:\users\mahmoud\documents\visual studio 2015\projects\consoleapplication1\consoleapplication1\source.cpp(582): warning C4305: 'argument': truncation from 'double' to 'GLfloat'
c:\users\mahmoud\documents\visual studio 2015\projects\consoleapplication1\consoleapplication1\source.cpp(583): warning C4305: 'argument': truncation from 'double' to 'GLfloat'
c:\users\mahmoud\documents\visual studio 2015\projects\consoleapplication1\consoleapplication1\source.cpp(597): warning C4305: 'argument': truncation from 'double' to 'GLfloat'
c:\users\mahmoud\documents\visual studio 2015\projects\consoleapplication1\consoleapplication1\source.cpp(635): warning C4305: 'argument': truncation from 'double' to 'GLfloat'
c:\users\mahmoud\documents\visual studio 2015\projects\consoleapplication1\consoleapplication1\source.cpp(636): warning C4305: 'argument': truncation from 'double' to 'GLfloat'
c:\users\mahmoud\documents\visual studio 2015\projects\consoleapplication1\consoleapplication1\source.cpp(637): warning C4305: 'argument': truncation from 'double' to 'GLfloat'
c:\users\mahmoud\documents\visual studio 2015\projects\consoleapplication1\consoleapplication1\source.cpp(638): warning C4305: 'argument': truncation from 'double' to 'GLfloat'
c:\users\mahmoud\documents\visual studio 2015\projects\consoleapplication1\consoleapplication1\source.cpp(640): warning C4305: 'argument': truncation from 'double' to 'GLfloat'
c:\users\mahmoud\documents\visual studio 2015\projects\consoleapplication1\consoleapplication1\source.cpp(641): warning C4305: 'argument': truncation from 'double' to 'GLfloat'
c:\users\mahmoud\documents\visual studio 2015\projects\consoleapplication1\consoleapplication1\source.cpp(642): warning C4305: 'argument': truncation from 'double' to 'GLfloat'
c:\users\mahmoud\documents\visual studio 2015\projects\consoleapplication1\consoleapplication1\source.cpp(643): warning C4305: 'argument': truncation from 'double' to 'GLfloat'
c:\users\mahmoud\documents\visual studio 2015\projects\consoleapplication1\consoleapplication1\source.cpp(644): warning C4305: 'argument': truncation from 'double' to 'GLfloat'
c:\users\mahmoud\documents\visual studio 2015\projects\consoleapplication1\consoleapplication1\source.cpp(645): warning C4305: 'argument': truncation from 'double' to 'GLfloat'
c:\users\mahmoud\documents\visual studio 2015\projects\consoleapplication1\consoleapplication1\source.cpp(646): warning C4305: 'argument': truncation from 'double' to 'GLfloat'
c:\users\mahmoud\documents\visual studio 2015\projects\consoleapplication1\consoleapplication1\source.cpp(647): warning C4305: 'argument': truncation from 'double' to 'GLfloat'
c:\users\mahmoud\documents\visual studio 2015\projects\consoleapplication1\consoleapplication1\source.cpp(648): warning C4305: 'argument': truncation from 'double' to 'GLfloat'
c:\users\mahmoud\documents\visual studio 2015\projects\consoleapplication1\consoleapplication1\source.cpp(649): warning C4305: 'argument': truncation from 'double' to 'GLfloat'
c:\users\mahmoud\documents\visual studio 2015\projects\consoleapplication1\consoleapplication1\source.cpp(650): warning C4305: 'argument': truncation from 'double' to 'GLfloat'
c:\users\mahmoud\documents\visual studio 2015\projects\consoleapplication1\consoleapplication1\source.cpp(651): warning C4305: 'argument': truncation from 'double' to 'GLfloat'
c:\users\mahmoud\documents\visual studio 2015\projects\consoleapplication1\consoleapplication1\source.cpp(652): warning C4305: 'argument': truncation from 'double' to 'GLfloat'
c:\users\mahmoud\documents\visual studio 2015\projects\consoleapplication1\consoleapplication1\source.cpp(653): warning C4305: 'argument': truncation from 'double' to 'GLfloat'
c:\users\mahmoud\documents\visual studio 2015\projects\consoleapplication1\consoleapplication1\source.cpp(654): warning C4305: 'argument': truncation from 'double' to 'GLfloat'
c:\users\mahmoud\documents\visual studio 2015\projects\consoleapplication1\consoleapplication1\source.cpp(705): warning C4305: 'argument': truncation from 'double' to 'GLfloat'
c:\users\mahmoud\documents\visual studio 2015\projects\consoleapplication1\consoleapplication1\source.cpp(706): warning C4305: 'argument': truncation from 'double' to 'GLfloat'
c:\users\mahmoud\documents\visual studio 2015\projects\consoleapplication1\consoleapplication1\source.cpp(707): warning C4305: 'argument': truncation from 'double' to 'GLfloat'
c:\users\mahmoud\documents\visual studio 2015\projects\consoleapplication1\consoleapplication1\source.cpp(708): warning C4305: 'argument': truncation from 'double' to 'GLfloat'
c:\users\mahmoud\documents\visual studio 2015\projects\consoleapplication1\consoleapplication1\source.cpp(710): warning C4305: 'argument': truncation from 'double' to 'GLfloat'
c:\users\mahmoud\documents\visual studio 2015\projects\consoleapplication1\consoleapplication1\source.cpp(711): warning C4305: 'argument': truncation from 'double' to 'GLfloat'
c:\users\mahmoud\documents\visual studio 2015\projects\consoleapplication1\consoleapplication1\source.cpp(712): warning C4305: 'argument': truncation from 'double' to 'GLfloat'
c:\users\mahmoud\documents\visual studio 2015\projects\consoleapplication1\consoleapplication1\source.cpp(713): warning C4305: 'argument': truncation from 'double' to 'GLfloat'
c:\users\mahmoud\documents\visual studio 2015\projects\consoleapplication1\consoleapplication1\source.cpp(714): warning C4305: 'argument': truncation from 'double' to 'GLfloat'
c:\users\mahmoud\documents\visual studio 2015\projects\consoleapplication1\consoleapplication1\source.cpp(715): warning C4305: 'argument': truncation from 'double' to 'GLfloat'
c:\users\mahmoud\documents\visual studio 2015\projects\consoleapplication1\consoleapplication1\source.cpp(716): warning C4305: 'argument': truncation from 'double' to 'GLfloat'
c:\users\mahmoud\documents\visual studio 2015\projects\consoleapplication1\consoleapplication1\source.cpp(717): warning C4305: 'argument': truncation from 'double' to 'GLfloat'
c:\users\mahmoud\documents\visual studio 2015\projects\consoleapplication1\consoleapplication1\source.cpp(718): warning C4305: 'argument': truncation from 'double' to 'GLfloat'
c:\users\mahmoud\documents\visual studio 2015\projects\consoleapplication1\consoleapplication1\source.cpp(719): warning C4305: 'argument': truncation from 'double' to 'GLfloat'
c:\users\mahmoud\documents\visual studio 2015\projects\consoleapplication1\consoleapplication1\source.cpp(720): warning C4305: 'argument': truncation from 'double' to 'GLfloat'
c:\users\mahmoud\documents\visual studio 2015\projects\consoleapplication1\consoleapplication1\source.cpp(721): warning C4305: 'argument': truncation from 'double' to 'GLfloat'
c:\users\mahmoud\documents\visual studio 2015\projects\consoleapplication1\consoleapplication1\source.cpp(722): warning C4305: 'argument': truncation from 'double' to 'GLfloat'
c:\users\mahmoud\documents\visual studio 2015\projects\consoleapplication1\consoleapplication1\source.cpp(723): warning C4305: 'argument': truncation from 'double' to 'GLfloat'
c:\users\mahmoud\documents\visual studio 2015\projects\consoleapplication1\consoleapplication1\source.cpp(724): warning C4305: 'argument': truncation from 'double' to 'GLfloat'
c:\users\mahmoud\documents\visual studio 2015\projects\consoleapplication1\consoleapplication1\source.cpp(785): warning C4305: 'argument': truncation from 'double' to 'GLfloat'
c:\users\mahmoud\documents\visual studio 2015\projects\consoleapplication1\consoleapplication1\source.cpp(786): warning C4305: 'argument': truncation from 'double' to 'GLfloat'
c:\users\mahmoud\documents\visual studio 2015\projects\consoleapplication1\consoleapplication1\source.cpp(787): warning C4305: 'argument': truncation from 'double' to 'GLfloat'
c:\users\mahmoud\documents\visual studio 2015\projects\consoleapplication1\consoleapplication1\source.cpp(788): warning C4305: 'argument': truncation from 'double' to 'GLfloat'
c:\users\mahmoud\documents\visual studio 2015\projects\consoleapplication1\consoleapplication1\source.cpp(789): warning C4305: 'argument': truncation from 'double' to 'GLfloat'
c:\users\mahmoud\documents\visual studio 2015\projects\consoleapplication1\consoleapplication1\source.cpp(790): warning C4305: 'argument': truncation from 'double' to 'GLfloat'
c:\users\mahmoud\documents\visual studio 2015\projects\consoleapplication1\consoleapplication1\source.cpp(791): warning C4305: 'argument': truncation from 'double' to 'GLfloat'
c:\users\mahmoud\documents\visual studio 2015\projects\consoleapplication1\consoleapplication1\source.cpp(792): warning C4305: 'argument': truncation from 'double' to 'GLfloat'
c:\users\mahmoud\documents\visual studio 2015\projects\consoleapplication1\consoleapplication1\source.cpp(793): warning C4305: 'argument': truncation from 'double' to 'GLfloat'
c:\users\mahmoud\documents\visual studio 2015\projects\consoleapplication1\consoleapplication1\source.cpp(794): warning C4305: 'argument': truncation from 'double' to 'GLfloat'
c:\users\mahmoud\documents\visual studio 2015\projects\consoleapplication1\consoleapplication1\source.cpp(795): warning C4305: 'argument': truncation from 'double' to 'GLfloat'
c:\users\mahmoud\documents\visual studio 2015\projects\consoleapplication1\consoleapplication1\source.cpp(796): warning C4305: 'argument': truncation from 'double' to 'GLfloat'
c:\users\mahmoud\documents\visual studio 2015\projects\consoleapplication1\consoleapplication1\source.cpp(797): warning C4305: 'argument': truncation from 'double' to 'GLfloat'
c:\users\mahmoud\documents\visual studio 2015\projects\consoleapplication1\consoleapplication1\source.cpp(798): warning C4305: 'argument': truncation from 'double' to 'GLfloat'
c:\users\mahmoud\documents\visual studio 2015\projects\consoleapplication1\consoleapplication1\source.cpp(799): warning C4305: 'argument': truncation from 'double' to 'GLfloat'
c:\users\mahmoud\documents\visual studio 2015\projects\consoleapplication1\consoleapplication1\source.cpp(800): warning C4305: 'argument': truncation from 'double' to 'GLfloat'
c:\users\mahmoud\documents\visual studio 2015\projects\consoleapplication1\consoleapplication1\source.cpp(801): warning C4305: 'argument': truncation from 'double' to 'GLfloat'
c:\users\mahmoud\documents\visual studio 2015\projects\consoleapplication1\consoleapplication1\source.cpp(802): warning C4305: 'argument': truncation from 'double' to 'GLfloat'
c:\users\mahmoud\documents\visual studio 2015\projects\consoleapplication1\consoleapplication1\source.cpp(803): warning C4305: 'argument': truncation from 'double' to 'GLfloat'
c:\users\mahmoud\documents\visual studio 2015\projects\consoleapplication1\consoleapplication1\source.cpp(806): warning C4305: 'argument': truncation from 'double' to 'GLfloat'
c:\users\mahmoud\documents\visual studio 2015\projects\consoleapplication1\consoleapplication1\source.cpp(807): warning C4305: 'argument': truncation from 'double' to 'GLfloat'
c:\users\mahmoud\documents\visual studio 2015\projects\consoleapplication1\consoleapplication1\source.cpp(808): warning C4305: 'argument': truncation from 'double' to 'GLfloat'
c:\users\mahmoud\documents\visual studio 2015\projects\consoleapplication1\consoleapplication1\source.cpp(809): warning C4305: 'argument': truncation from 'double' to 'GLfloat'
c:\users\mahmoud\documents\visual studio 2015\projects\consoleapplication1\consoleapplication1\source.cpp(811): warning C4305: 'argument': truncation from 'double' to 'GLfloat'
c:\users\mahmoud\documents\visual studio 2015\projects\consoleapplication1\consoleapplication1\source.cpp(812): warning C4305: 'argument': truncation from 'double' to 'GLfloat'
c:\users\mahmoud\documents\visual studio 2015\projects\consoleapplication1\consoleapplication1\source.cpp(813): warning C4305: 'argument': truncation from 'double' to 'GLfloat'
c:\users\mahmoud\documents\visual studio 2015\projects\consoleapplication1\consoleapplication1\source.cpp(814): warning C4305: 'argument': truncation from 'double' to 'GLfloat'
c:\users\mahmoud\documents\visual studio 2015\projects\consoleapplication1\consoleapplication1\source.cpp(816): warning C4305: 'argument': truncation from 'double' to 'GLfloat'
c:\users\mahmoud\documents\visual studio 2015\projects\consoleapplication1\consoleapplication1\source.cpp(817): warning C4305: 'argument': truncation from 'double' to 'GLfloat'
c:\users\mahmoud\documents\visual studio 2015\projects\consoleapplication1\consoleapplication1\source.cpp(818): warning C4305: 'argument': truncation from 'double' to 'GLfloat'
c:\users\mahmoud\documents\visual studio 2015\projects\consoleapplication1\consoleapplication1\source.cpp(819): warning C4305: 'argument': truncation from 'double' to 'GLfloat'
c:\users\mahmoud\documents\visual studio 2015\projects\consoleapplication1\consoleapplication1\source.cpp(820): warning C4305: 'argument': truncation from 'double' to 'GLfloat'
c:\users\mahmoud\documents\visual studio 2015\projects\consoleapplication1\consoleapplication1\source.cpp(821): warning C4305: 'argument': truncation from 'double' to 'GLfloat'
c:\users\mahmoud\documents\visual studio 2015\projects\consoleapplication1\consoleapplication1\source.cpp(822): warning C4305: 'argument': truncation from 'double' to 'GLfloat'
c:\users\mahmoud\documents\visual studio 2015\projects\consoleapplication1\consoleapplication1\source.cpp(828): warning C4305: 'argument': truncation from 'double' to 'GLfloat'
c:\users\mahmoud\documents\visual studio 2015\projects\consoleapplication1\consoleapplication1\source.cpp(829): warning C4305: 'argument': truncation from 'double' to 'GLfloat'
c:\users\mahmoud\documents\visual studio 2015\projects\consoleapplication1\consoleapplication1\source.cpp(830): warning C4305: 'argument': truncation from 'double' to 'GLfloat'
c:\users\mahmoud\documents\visual studio 2015\projects\consoleapplication1\consoleapplication1\source.cpp(831): warning C4305: 'argument': truncation from 'double' to 'GLfloat'
c:\users\mahmoud\documents\visual studio 2015\projects\consoleapplication1\consoleapplication1\source.cpp(832): warning C4305: 'argument': truncation from 'double' to 'GLfloat'
c:\users\mahmoud\documents\visual studio 2015\projects\consoleapplication1\consoleapplication1\source.cpp(833): warning C4305: 'argument': truncation from 'double' to 'GLfloat'
c:\users\mahmoud\documents\visual studio 2015\projects\consoleapplication1\consoleapplication1\source.cpp(834): warning C4305: 'argument': truncation from 'double' to 'GLfloat'
c:\users\mahmoud\documents\visual studio 2015\projects\consoleapplication1\consoleapplication1\source.cpp(835): warning C4305: 'argument': truncation from 'double' to 'GLfloat'
c:\users\mahmoud\documents\visual studio 2015\projects\consoleapplication1\consoleapplication1\source.cpp(836): warning C4305: 'argument': truncation from 'double' to 'GLfloat'
c:\users\mahmoud\documents\visual studio 2015\projects\consoleapplication1\consoleapplication1\source.cpp(837): warning C4305: 'argument': truncation from 'double' to 'GLfloat'
c:\users\mahmoud\documents\visual studio 2015\projects\consoleapplication1\consoleapplication1\source.cpp(838): warning C4305: 'argument': truncation from 'double' to 'GLfloat'
c:\users\mahmoud\documents\visual studio 2015\projects\consoleapplication1\consoleapplication1\source.cpp(839): warning C4305: 'argument': truncation from 'double' to 'GLfloat'
c:\users\mahmoud\documents\visual studio 2015\projects\consoleapplication1\consoleapplication1\source.cpp(840): warning C4305: 'argument': truncation from 'double' to 'GLfloat'
c:\users\mahmoud\documents\visual studio 2015\projects\consoleapplication1\consoleapplication1\source.cpp(841): warning C4305: 'argument': truncation from 'double' to 'GLfloat'
c:\users\mahmoud\documents\visual studio 2015\projects\consoleapplication1\consoleapplication1\source.cpp(842): warning C4305: 'argument': truncation from 'double' to 'GLfloat'
c:\users\mahmoud\documents\visual studio 2015\projects\consoleapplication1\consoleapplication1\source.cpp(843): warning C4305: 'argument': truncation from 'double' to 'GLfloat'
c:\users\mahmoud\documents\visual studio 2015\projects\consoleapplication1\consoleapplication1\source.cpp(844): warning C4305: 'argument': truncation from 'double' to 'GLfloat'
c:\users\mahmoud\documents\visual studio 2015\projects\consoleapplication1\consoleapplication1\source.cpp(845): warning C4305: 'argument': truncation from 'double' to 'GLfloat'
c:\users\mahmoud\documents\visual studio 2015\projects\consoleapplication1\consoleapplication1\source.cpp(846): warning C4305: 'argument': truncation from 'double' to 'GLfloat'
c:\users\mahmoud\documents\visual studio 2015\projects\consoleapplication1\consoleapplication1\source.cpp(849): warning C4305: 'argument': truncation from 'double' to 'GLfloat'
c:\users\mahmoud\documents\visual studio 2015\projects\consoleapplication1\consoleapplication1\source.cpp(850): warning C4305: 'argument': truncation from 'double' to 'GLfloat'
c:\users\mahmoud\documents\visual studio 2015\projects\consoleapplication1\consoleapplication1\source.cpp(851): warning C4305: 'argument': truncation from 'double' to 'GLfloat'
c:\users\mahmoud\documents\visual studio 2015\projects\consoleapplication1\consoleapplication1\source.cpp(852): warning C4305: 'argument': truncation from 'double' to 'GLfloat'
c:\users\mahmoud\documents\visual studio 2015\projects\consoleapplication1\consoleapplication1\source.cpp(854): warning C4305: 'argument': truncation from 'double' to 'GLfloat'
c:\users\mahmoud\documents\visual studio 2015\projects\consoleapplication1\consoleapplication1\source.cpp(855): warning C4305: 'argument': truncation from 'double' to 'GLfloat'
c:\users\mahmoud\documents\visual studio 2015\projects\consoleapplication1\consoleapplication1\source.cpp(856): warning C4305: 'argument': truncation from 'double' to 'GLfloat'
c:\users\mahmoud\documents\visual studio 2015\projects\consoleapplication1\consoleapplication1\source.cpp(857): warning C4305: 'argument': truncation from 'double' to 'GLfloat'
c:\users\mahmoud\documents\visual studio 2015\projects\consoleapplication1\consoleapplication1\source.cpp(859): warning C4305: 'argument': truncation from 'double' to 'GLfloat'
c:\users\mahmoud\documents\visual studio 2015\projects\consoleapplication1\consoleapplication1\source.cpp(860): warning C4305: 'argument': truncation from 'double' to 'GLfloat'
c:\users\mahmoud\documents\visual studio 2015\projects\consoleapplication1\consoleapplication1\source.cpp(861): warning C4305: 'argument': truncation from 'double' to 'GLfloat'
c:\users\mahmoud\documents\visual studio 2015\projects\consoleapplication1\consoleapplication1\source.cpp(862): warning C4305: 'argument': truncation from 'double' to 'GLfloat'
c:\users\mahmoud\documents\visual studio 2015\projects\consoleapplication1\consoleapplication1\source.cpp(863): warning C4305: 'argument': truncation from 'double' to 'GLfloat'
c:\users\mahmoud\documents\visual studio 2015\projects\consoleapplication1\consoleapplication1\source.cpp(864): warning C4305: 'argument': truncation from 'double' to 'GLfloat'
c:\users\mahmoud\documents\visual studio 2015\projects\consoleapplication1\consoleapplication1\source.cpp(865): warning C4305: 'argument': truncation from 'double' to 'GLfloat'
  ConsoleApplication1.vcxproj -> C:\Users\Mahmoud\documents\visual studio 2015\Projects\ConsoleApplication1\Debug\ConsoleApplication1.exe
  ConsoleApplication1.vcxproj -> C:\Users\Mahmoud\documents\visual studio 2015\Projects\ConsoleApplication1\Debug\ConsoleApplication1.pdb (Full PDB)
